2020-07-16 00:00:11 [Catalina-utility-2] DEBUG org.apache.catalina.session.ManagerBase - Start expire sessions StandardManager at 1594828811646 sessioncount 0
2020-07-16 00:00:11 [Catalina-utility-2] DEBUG org.apache.catalina.session.ManagerBase - End expire sessions StandardManager processingTime 8 expired sessions: 0
2020-07-16 00:00:27 [HikariPool-2 housekeeper] DEBUG com.zaxxer.hikari.pool.HikariPool - HikariPool-2 - Pool stats (total=10, active=0, idle=10, waiting=0)
2020-07-16 00:00:58 [HikariPool-2 housekeeper] DEBUG com.zaxxer.hikari.pool.HikariPool - HikariPool-2 - Pool stats (total=10, active=0, idle=10, waiting=0)
2020-07-16 00:01:11 [Catalina-utility-2] DEBUG org.apache.catalina.session.ManagerBase - Start expire sessions StandardManager at 1594828871712 sessioncount 0
2020-07-16 00:01:11 [Catalina-utility-2] DEBUG org.apache.catalina.session.ManagerBase - End expire sessions StandardManager processingTime 2 expired sessions: 0
2020-07-16 00:01:28 [HikariPool-2 housekeeper] DEBUG com.zaxxer.hikari.pool.HikariPool - HikariPool-2 - Pool stats (total=10, active=0, idle=10, waiting=0)
2020-07-16 00:01:58 [HikariPool-2 housekeeper] DEBUG com.zaxxer.hikari.pool.HikariPool - HikariPool-2 - Pool stats (total=10, active=0, idle=10, waiting=0)
2020-07-16 00:02:11 [Catalina-utility-1] DEBUG org.apache.catalina.session.ManagerBase - Start expire sessions StandardManager at 1594828931759 sessioncount 0
2020-07-16 00:02:11 [Catalina-utility-1] DEBUG org.apache.catalina.session.ManagerBase - End expire sessions StandardManager processingTime 2 expired sessions: 0
2020-07-16 00:02:28 [HikariPool-2 housekeeper] DEBUG com.zaxxer.hikari.pool.HikariPool - HikariPool-2 - Pool stats (total=10, active=0, idle=10, waiting=0)
2020-07-16 00:02:58 [HikariPool-2 housekeeper] DEBUG com.zaxxer.hikari.pool.HikariPool - HikariPool-2 - Pool stats (total=10, active=0, idle=10, waiting=0)
2020-07-16 00:03:11 [Catalina-utility-2] DEBUG org.apache.catalina.session.ManagerBase - Start expire sessions StandardManager at 1594828991828 sessioncount 0
2020-07-16 00:03:11 [Catalina-utility-2] DEBUG org.apache.catalina.session.ManagerBase - End expire sessions StandardManager processingTime 1 expired sessions: 0
2020-07-16 00:03:28 [HikariPool-2 housekeeper] DEBUG com.zaxxer.hikari.pool.HikariPool - HikariPool-2 - Pool stats (total=10, active=0, idle=10, waiting=0)
2020-07-16 00:03:58 [HikariPool-2 housekeeper] DEBUG com.zaxxer.hikari.pool.HikariPool - HikariPool-2 - Pool stats (total=10, active=0, idle=10, waiting=0)
2020-07-16 00:04:02 [HikariPool-2 connection closer] DEBUG com.zaxxer.hikari.pool.PoolBase - HikariPool-2 - Closing connection com.mysql.cj.jdbc.ConnectionImpl@1f3a244: (connection has passed maxLifetime)
2020-07-16 00:04:03 [HikariPool-2 connection adder] DEBUG com.zaxxer.hikari.pool.HikariPool - HikariPool-2 - Added connection com.mysql.cj.jdbc.ConnectionImpl@1d52f58
2020-07-16 00:04:11 [Catalina-utility-1] DEBUG org.apache.catalina.session.ManagerBase - Start expire sessions StandardManager at 1594829051886 sessioncount 0
2020-07-16 00:04:11 [Catalina-utility-1] DEBUG org.apache.catalina.session.ManagerBase - End expire sessions StandardManager processingTime 1 expired sessions: 0
2020-07-16 00:04:19 [HikariPool-2 connection closer] DEBUG com.zaxxer.hikari.pool.PoolBase - HikariPool-2 - Closing connection com.mysql.cj.jdbc.ConnectionImpl@6ce80b: (connection has passed maxLifetime)
2020-07-16 00:04:19 [HikariPool-2 connection adder] DEBUG com.zaxxer.hikari.pool.HikariPool - HikariPool-2 - Added connection com.mysql.cj.jdbc.ConnectionImpl@19bbdce
2020-07-16 00:04:28 [HikariPool-2 housekeeper] DEBUG com.zaxxer.hikari.pool.HikariPool - HikariPool-2 - Pool stats (total=10, active=0, idle=10, waiting=0)
2020-07-16 00:04:54 [HikariPool-2 connection closer] DEBUG com.zaxxer.hikari.pool.PoolBase - HikariPool-2 - Closing connection com.mysql.cj.jdbc.ConnectionImpl@f44796: (connection has passed maxLifetime)
2020-07-16 00:04:54 [HikariPool-2 connection adder] DEBUG com.zaxxer.hikari.pool.HikariPool - HikariPool-2 - Added connection com.mysql.cj.jdbc.ConnectionImpl@18ae146
2020-07-16 00:04:58 [HikariPool-2 housekeeper] DEBUG com.zaxxer.hikari.pool.HikariPool - HikariPool-2 - Pool stats (total=10, active=0, idle=10, waiting=0)
2020-07-16 00:05:11 [Catalina-utility-1] DEBUG org.apache.catalina.session.ManagerBase - Start expire sessions StandardManager at 1594829111934 sessioncount 0
2020-07-16 00:05:11 [Catalina-utility-1] DEBUG org.apache.catalina.session.ManagerBase - End expire sessions StandardManager processingTime 1 expired sessions: 0
2020-07-16 00:05:28 [HikariPool-2 housekeeper] DEBUG com.zaxxer.hikari.pool.HikariPool - HikariPool-2 - Pool stats (total=10, active=0, idle=10, waiting=0)
2020-07-16 00:05:30 [HikariPool-2 connection closer] DEBUG com.zaxxer.hikari.pool.PoolBase - HikariPool-2 - Closing connection com.mysql.cj.jdbc.ConnectionImpl@4f77ff: (connection has passed maxLifetime)
2020-07-16 00:05:30 [HikariPool-2 connection adder] DEBUG com.zaxxer.hikari.pool.HikariPool - HikariPool-2 - Added connection com.mysql.cj.jdbc.ConnectionImpl@65e02b
2020-07-16 00:05:39 [HikariPool-2 connection closer] DEBUG com.zaxxer.hikari.pool.PoolBase - HikariPool-2 - Closing connection com.mysql.cj.jdbc.ConnectionImpl@e59e7d: (connection has passed maxLifetime)
2020-07-16 00:05:39 [HikariPool-2 connection adder] DEBUG com.zaxxer.hikari.pool.HikariPool - HikariPool-2 - Added connection com.mysql.cj.jdbc.ConnectionImpl@bbcc24
2020-07-16 00:05:40 [HikariPool-2 connection closer] DEBUG com.zaxxer.hikari.pool.PoolBase - HikariPool-2 - Closing connection com.mysql.cj.jdbc.ConnectionImpl@8b1197: (connection has passed maxLifetime)
2020-07-16 00:05:40 [HikariPool-2 connection adder] DEBUG com.zaxxer.hikari.pool.HikariPool - HikariPool-2 - Added connection com.mysql.cj.jdbc.ConnectionImpl@186c61f
2020-07-16 00:05:58 [HikariPool-2 housekeeper] DEBUG com.zaxxer.hikari.pool.HikariPool - HikariPool-2 - Pool stats (total=10, active=0, idle=10, waiting=0)
2020-07-16 00:06:03 [HikariPool-2 connection closer] DEBUG com.zaxxer.hikari.pool.PoolBase - HikariPool-2 - Closing connection com.mysql.cj.jdbc.ConnectionImpl@1d89446: (connection has passed maxLifetime)
2020-07-16 00:06:03 [HikariPool-2 connection adder] DEBUG com.zaxxer.hikari.pool.HikariPool - HikariPool-2 - Added connection com.mysql.cj.jdbc.ConnectionImpl@16faf29
2020-07-16 00:06:11 [Catalina-utility-1] DEBUG org.apache.catalina.session.ManagerBase - Start expire sessions StandardManager at 1594829171989 sessioncount 0
2020-07-16 00:06:11 [Catalina-utility-1] DEBUG org.apache.catalina.session.ManagerBase - End expire sessions StandardManager processingTime 1 expired sessions: 0
2020-07-16 00:06:20 [HikariPool-2 connection closer] DEBUG com.zaxxer.hikari.pool.PoolBase - HikariPool-2 - Closing connection com.mysql.cj.jdbc.ConnectionImpl@18941b3: (connection has passed maxLifetime)
2020-07-16 00:06:20 [HikariPool-2 connection adder] DEBUG com.zaxxer.hikari.pool.HikariPool - HikariPool-2 - Added connection com.mysql.cj.jdbc.ConnectionImpl@1c1c1db
2020-07-16 00:06:28 [HikariPool-2 housekeeper] DEBUG com.zaxxer.hikari.pool.HikariPool - HikariPool-2 - Pool stats (total=10, active=0, idle=10, waiting=0)
2020-07-16 00:06:40 [HikariPool-2 connection closer] DEBUG com.zaxxer.hikari.pool.PoolBase - HikariPool-2 - Closing connection com.mysql.cj.jdbc.ConnectionImpl@5b933a: (connection has passed maxLifetime)
2020-07-16 00:06:40 [HikariPool-2 connection adder] DEBUG com.zaxxer.hikari.pool.HikariPool - HikariPool-2 - Added connection com.mysql.cj.jdbc.ConnectionImpl@4a56fe
2020-07-16 00:06:56 [HikariPool-2 connection closer] DEBUG com.zaxxer.hikari.pool.PoolBase - HikariPool-2 - Closing connection com.mysql.cj.jdbc.ConnectionImpl@25a091: (connection has passed maxLifetime)
2020-07-16 00:06:56 [HikariPool-2 connection adder] DEBUG com.zaxxer.hikari.pool.HikariPool - HikariPool-2 - Added connection com.mysql.cj.jdbc.ConnectionImpl@2954b9
2020-07-16 00:06:58 [HikariPool-2 housekeeper] DEBUG com.zaxxer.hikari.pool.HikariPool - HikariPool-2 - Pool stats (total=10, active=0, idle=10, waiting=0)
2020-07-16 00:07:12 [Catalina-utility-1] DEBUG org.apache.catalina.session.ManagerBase - Start expire sessions StandardManager at 1594829232034 sessioncount 0
2020-07-16 00:07:12 [Catalina-utility-1] DEBUG org.apache.catalina.session.ManagerBase - End expire sessions StandardManager processingTime 1 expired sessions: 0
2020-07-16 00:07:28 [HikariPool-2 housekeeper] DEBUG com.zaxxer.hikari.pool.HikariPool - HikariPool-2 - Pool stats (total=10, active=0, idle=10, waiting=0)
2020-07-16 00:07:58 [HikariPool-2 housekeeper] DEBUG com.zaxxer.hikari.pool.HikariPool - HikariPool-2 - Pool stats (total=10, active=0, idle=10, waiting=0)
2020-07-16 00:08:12 [Catalina-utility-2] DEBUG org.apache.catalina.session.ManagerBase - Start expire sessions StandardManager at 1594829292076 sessioncount 0
2020-07-16 00:08:12 [Catalina-utility-2] DEBUG org.apache.catalina.session.ManagerBase - End expire sessions StandardManager processingTime 2 expired sessions: 0
2020-07-16 00:08:28 [HikariPool-2 housekeeper] DEBUG com.zaxxer.hikari.pool.HikariPool - HikariPool-2 - Pool stats (total=10, active=0, idle=10, waiting=0)
2020-07-16 00:08:58 [HikariPool-2 housekeeper] DEBUG com.zaxxer.hikari.pool.HikariPool - HikariPool-2 - Pool stats (total=10, active=0, idle=10, waiting=0)
2020-07-16 00:09:12 [Catalina-utility-2] DEBUG org.apache.catalina.session.ManagerBase - Start expire sessions StandardManager at 1594829352129 sessioncount 0
2020-07-16 00:09:12 [Catalina-utility-2] DEBUG org.apache.catalina.session.ManagerBase - End expire sessions StandardManager processingTime 0 expired sessions: 0
2020-07-16 00:09:28 [HikariPool-2 housekeeper] DEBUG com.zaxxer.hikari.pool.HikariPool - HikariPool-2 - Pool stats (total=10, active=0, idle=10, waiting=0)
